<?xml version="1.0" encoding="UTF-8"?>
<Site BuildName="(empty)"
	BuildStamp="20240610-2231-Experimental"
	Name="arc-robotics24"
	Generator="ctest-3.22.1"
	CompilerName="/usr/bin/c++"
	CompilerVersion="11.4.0"
	OSName="Linux"
	Hostname="arc-robotics24"
	OSRelease="6.5.0-1023-oem"
	OSVersion="#24-Ubuntu SMP PREEMPT_DYNAMIC Tue May  7 14:26:31 UTC 2024"
	OSPlatform="x86_64"
	Is64Bits="1"
	VendorString="GenuineIntel"
	VendorID="Intel Corporation"
	FamilyID="6"
	ModelID="151"
	ProcessorCacheSize="25600"
	NumberOfLogicalCPU="20"
	NumberOfPhysicalCPU="12"
	TotalVirtualMemory="1951"
	TotalPhysicalMemory="31792"
	LogicalProcessorsPerPhysical="1"
	ProcessorClockFrequency="4602.2"
	>
	<Testing>
		<StartDateTime>Jun 10 18:52 EDT</StartDateTime>
		<StartTestTime>1718059931</StartTestTime>
		<TestList/>
		<EndDateTime>Jun 10 18:52 EDT</EndDateTime>
		<EndTestTime>1718059931</EndTestTime>
		<ElapsedMinutes>0</ElapsedMinutes>
	</Testing>
</Site>
