<?xml version="1.0" encoding="UTF-8"?>
<Site BuildName="(empty)"
	BuildStamp="20240812-1742-Experimental"
	Name="arc-robotics24"
	Generator="ctest-3.22.1"
	CompilerName="/usr/bin/c++"
	CompilerVersion="11.4.0"
	OSName="Linux"
	Hostname="arc-robotics24"
	OSRelease="6.5.0-1027-oem"
	OSVersion="#28-Ubuntu SMP PREEMPT_DYNAMIC Thu Jul 25 13:32:46 UTC 2024"
	OSPlatform="x86_64"
	Is64Bits="1"
	VendorString="GenuineIntel"
	VendorID="Intel Corporation"
	FamilyID="6"
	ModelID="151"
	ProcessorCacheSize="25600"
	NumberOfLogicalCPU="20"
	NumberOfPhysicalCPU="12"
	TotalVirtualMemory="1951"
	TotalPhysicalMemory="31792"
	LogicalProcessorsPerPhysical="1"
	ProcessorClockFrequency="3295.36"
	>
	<Testing>
		<StartDateTime>Aug 12 13:42 EDT</StartDateTime>
		<StartTestTime>1723484556</StartTestTime>
		<TestList/>
		<EndDateTime>Aug 12 13:42 EDT</EndDateTime>
		<EndTestTime>1723484556</EndTestTime>
		<ElapsedMinutes>0</ElapsedMinutes>
	</Testing>
</Site>
